
*** Running vivado
    with args -log CELL.vds -m64 -product Vivado -mode batch -messageDb vivado.pb -notrace -source CELL.tcl



****** Vivado v2020.2 (64-bit)
  **** SW Build 3064766 on Wed Nov 18 09:12:45 MST 2020
  **** IP Build 3064653 on Wed Nov 18 14:17:31 MST 2020
    ** Copyright 1986-2020 Xilinx, Inc. All Rights Reserved.

source CELL.tcl -notrace
Command: synth_design -top CELL -part xc7z010iclg225-1L
Starting synth_design
Attempting to get a license for feature 'Synthesis' and/or device 'xc7z010i'
INFO: [Common 17-349] Got license for feature 'Synthesis' and/or device 'xc7z010i'
INFO: [Device 21-403] Loading part xc7z010iclg225-1L
INFO: [Synth 8-7079] Multithreading enabled for synth_design using a maximum of 2 processes.
INFO: [Synth 8-7078] Launching helper process for spawning children vivado processes
INFO: [Synth 8-7075] Helper process launched with PID 28624
ERROR: [Synth 8-988] G29 is already declared [C:/Users/aoleary/Documents/GitHub/game-of-life/verliog/is_3.v:73]
INFO: [Synth 8-2350] module is_3 ignored due to previous errors [C:/Users/aoleary/Documents/GitHub/game-of-life/verliog/is_3.v:3]
Failed to read verilog 'C:/Users/aoleary/Documents/GitHub/game-of-life/verliog/is_3.v'
INFO: [Common 17-83] Releasing license: Synthesis
7 Infos, 0 Warnings, 0 Critical Warnings and 2 Errors encountered.
synth_design failed
ERROR: [Common 17-69] Command failed: Synthesis failed - please see the console or run log file for details
INFO: [Common 17-206] Exiting Vivado at Fri Dec 11 14:58:40 2020...
